{"level":"info","message":"GET /api/docs/user/ - 2024-12-17T07:42:47.927Z"}
{"level":"info","message":"GET /api/docs/user/swagger-ui.css - 2024-12-17T07:42:48.036Z"}
{"level":"info","message":"GET /api/docs/user/swagger-ui-bundle.js - 2024-12-17T07:42:48.040Z"}
{"level":"info","message":"GET /api/docs/user/swagger-ui-init.js - 2024-12-17T07:42:48.049Z"}
{"level":"info","message":"GET /api/docs/user/swagger-ui-standalone-preset.js - 2024-12-17T07:42:48.060Z"}
{"level":"info","message":"GET /api/docs/user/favicon-32x32.png - 2024-12-17T07:42:48.770Z"}
{"level":"info","message":"GET /api/docs/user/favicon-32x32.png - 2024-12-17T07:42:50.025Z"}
{"level":"info","message":"GET /api/docs/user/ - 2024-12-17T07:54:23.938Z"}
{"level":"info","message":"GET /api/docs/user/swagger-ui.css - 2024-12-17T07:54:24.096Z"}
{"level":"info","message":"GET /api/docs/user/swagger-ui-bundle.js - 2024-12-17T07:54:24.101Z"}
{"level":"info","message":"GET /api/docs/user/swagger-ui-standalone-preset.js - 2024-12-17T07:54:24.108Z"}
{"level":"info","message":"GET /api/docs/user/swagger-ui-init.js - 2024-12-17T07:54:24.111Z"}
{"level":"info","message":"GET /api/docs/user/swagger-ui-init.js - 2024-12-17T07:54:24.180Z"}
{"level":"info","message":"GET /api/docs/user/swagger-ui-bundle.js - 2024-12-17T07:54:24.188Z"}
{"level":"info","message":"GET /api/docs/user/swagger-ui-standalone-preset.js - 2024-12-17T07:54:24.191Z"}
{"level":"info","message":"GET /api/docs/user/favicon-32x32.png - 2024-12-17T07:54:24.926Z"}
{"level":"info","message":"GET /api/docs/user/ - 2024-12-17T07:55:23.994Z"}
{"level":"info","message":"GET /api/docs/user/swagger-ui.css - 2024-12-17T07:55:24.079Z"}
{"level":"info","message":"GET /api/docs/user/swagger-ui-bundle.js - 2024-12-17T07:55:24.084Z"}
{"level":"info","message":"GET /api/docs/user/swagger-ui-init.js - 2024-12-17T07:55:24.091Z"}
{"level":"info","message":"GET /api/docs/user/swagger-ui-standalone-preset.js - 2024-12-17T07:55:24.095Z"}
{"level":"info","message":"GET /api/docs/user/swagger-ui-init.js - 2024-12-17T07:55:24.120Z"}
{"level":"info","message":"GET /api/docs/user/swagger-ui-standalone-preset.js - 2024-12-17T07:55:24.127Z"}
{"level":"info","message":"GET /api/docs/user/swagger-ui-bundle.js - 2024-12-17T07:55:24.129Z"}
{"level":"info","message":"GET /api/docs/user/favicon-32x32.png - 2024-12-17T07:55:24.722Z"}
{"level":"info","message":"GET /api/docs/user/favicon-32x32.png - 2024-12-17T07:55:25.990Z"}
{"level":"info","message":"GET / - 2024-12-17T08:00:20.188Z"}
{"level":"info","message":"GET /api/docs/user - 2024-12-17T08:01:04.932Z"}
{"level":"info","message":"GET /api/docs/user/ - 2024-12-17T08:01:05.381Z"}
{"level":"info","message":"GET /api/docs/user/swagger-ui.css - 2024-12-17T08:01:05.779Z"}
{"level":"info","message":"GET /api/docs/user/swagger-ui-bundle.js - 2024-12-17T08:01:05.814Z"}
{"level":"info","message":"GET /api/docs/user/swagger-ui-standalone-preset.js - 2024-12-17T08:01:05.817Z"}
{"level":"info","message":"GET /api/docs/user/swagger-ui-init.js - 2024-12-17T08:01:05.919Z"}
{"level":"info","message":"GET /api/docs/user/swagger-ui-init.js - 2024-12-17T08:01:07.876Z"}
{"level":"info","message":"GET /api/docs/user/swagger-ui-standalone-preset.js - 2024-12-17T08:01:08.183Z"}
{"level":"info","message":"GET /api/docs/user/swagger-ui-bundle.js - 2024-12-17T08:01:13.746Z"}
{"level":"info","message":"GET /api/docs/user/favicon-32x32.png - 2024-12-17T08:01:13.896Z"}
{"level":"info","message":"GET /api/docs/user/favicon-32x32.png - 2024-12-17T08:01:16.230Z"}
{"level":"info","message":"OPTIONS /api/user/posts - 2024-12-17T08:12:33.465Z"}
{"level":"info","message":"OPTIONS /api/user/posts - 2024-12-17T08:12:37.883Z"}
{"level":"info","message":"OPTIONS /api/user/posts - 2024-12-17T08:12:55.540Z"}
{"level":"info","message":"POST /api/user/posts - 2024-12-17T08:13:29.847Z"}
{"level":"info","message":"POST /api/user/posts - 2024-12-17T08:13:32.399Z"}
{"level":"info","message":"GET /api/docs/user/ - 2024-12-17T08:14:58.840Z"}
{"level":"info","message":"GET /api/docs/user/swagger-ui.css - 2024-12-17T08:14:58.999Z"}
{"level":"info","message":"GET /api/docs/user/swagger-ui-bundle.js - 2024-12-17T08:14:59.006Z"}
{"level":"info","message":"GET /api/docs/user/swagger-ui-standalone-preset.js - 2024-12-17T08:14:59.013Z"}
{"level":"info","message":"GET /api/docs/user/swagger-ui-init.js - 2024-12-17T08:14:59.021Z"}
{"level":"info","message":"GET /api/docs/user/swagger-ui-init.js - 2024-12-17T08:14:59.097Z"}
{"level":"info","message":"GET /api/docs/user/swagger-ui-standalone-preset.js - 2024-12-17T08:14:59.103Z"}
{"level":"info","message":"GET /api/docs/user/swagger-ui-bundle.js - 2024-12-17T08:14:59.163Z"}
{"level":"info","message":"GET /api/docs/user/favicon-32x32.png - 2024-12-17T08:14:59.949Z"}
{"level":"info","message":"POST /api/user/posts - 2024-12-17T08:15:11.129Z"}
{"level":"info","message":"POST /api/user/posts - 2024-12-17T08:15:13.675Z"}
{"level":"info","message":"PUT /api/admin/createAdmin/1 - 2024-12-17T08:15:58.730Z"}
{"level":"info","message":"PUT /api/user/login - 2024-12-17T08:21:51.331Z"}
{"level":"info","message":"PUT /api/users/login - 2024-12-17T08:21:59.439Z"}
{"level":"info","message":"POST /api/users/login - 2024-12-17T08:22:06.826Z"}
{"level":"info","message":"POST /api/user/login - 2024-12-17T08:22:13.475Z"}
{"level":"info","message":"POST /api/posts - 2024-12-17T08:23:14.197Z"}
{"level":"info","message":"POST /api/user/login - 2024-12-17T08:23:48.852Z"}
{"level":"info","message":"POST /api/post - 2024-12-17T08:24:17.309Z"}
{"level":"info","message":"POST /api/posts - 2024-12-17T08:24:25.345Z"}
{"level":"info","message":"POST /api/posts - 2024-12-17T08:24:38.788Z"}
{"level":"info","message":"GET /api/docs/user/ - 2024-12-17T08:40:34.418Z"}
{"level":"info","message":"GET /api/docs/user/swagger-ui.css - 2024-12-17T08:40:34.907Z"}
{"level":"info","message":"GET /api/docs/user/swagger-ui-bundle.js - 2024-12-17T08:40:34.914Z"}
{"level":"info","message":"GET /api/docs/user/swagger-ui-standalone-preset.js - 2024-12-17T08:40:34.916Z"}
{"level":"info","message":"GET /api/docs/user/swagger-ui-init.js - 2024-12-17T08:40:34.922Z"}
{"level":"info","message":"GET /api/docs/user/favicon-32x32.png - 2024-12-17T08:40:35.558Z"}
{"level":"info","message":"GET /api/docs/user/swagger-ui-bundle.js - 2024-12-17T08:40:35.629Z"}
{"level":"info","message":"GET /api/docs/user/swagger-ui-init.js - 2024-12-17T08:40:35.631Z"}
{"level":"info","message":"GET /api/docs/user/swagger-ui-standalone-preset.js - 2024-12-17T08:40:35.634Z"}
{"level":"info","message":"GET /api/docs/user/favicon-32x32.png - 2024-12-17T08:40:37.113Z"}
{"level":"info","message":"OPTIONS /api/user/login - 2024-12-17T08:40:53.789Z"}
{"level":"info","message":"OPTIONS /api/user/login - 2024-12-17T08:40:56.435Z"}
{"level":"info","message":"OPTIONS /api/user/login - 2024-12-17T08:40:58.384Z"}
{"level":"info","message":"GET /api/docs/user/ - 2024-12-17T10:47:23.313Z"}
{"level":"info","message":"GET /api/docs/user/swagger-ui.css - 2024-12-17T10:47:23.742Z"}
{"level":"info","message":"GET /api/docs/user/swagger-ui-init.js - 2024-12-17T10:47:23.878Z"}
{"level":"info","message":"GET /api/docs/user/swagger-ui-standalone-preset.js - 2024-12-17T10:47:23.884Z"}
{"level":"info","message":"GET /api/docs/user/swagger-ui-bundle.js - 2024-12-17T10:47:23.886Z"}
{"level":"info","message":"GET /api/docs/user/favicon-32x32.png - 2024-12-17T10:47:28.685Z"}
{"level":"info","message":"GET /api/docs/user/favicon-32x32.png - 2024-12-17T10:47:29.572Z"}
{"level":"info","message":"GET /api/docs/user/ - 2024-12-17T10:48:26.155Z"}
{"level":"info","message":"GET /api/docs/user/swagger-ui.css - 2024-12-17T10:48:26.818Z"}
{"level":"info","message":"GET /api/docs/user/swagger-ui-bundle.js - 2024-12-17T10:48:26.958Z"}
{"level":"info","message":"GET /api/docs/user/swagger-ui-standalone-preset.js - 2024-12-17T10:48:26.961Z"}
{"level":"info","message":"GET /api/docs/user/swagger-ui-init.js - 2024-12-17T10:48:26.975Z"}
{"level":"info","message":"GET /api/docs/user/favicon-32x32.png - 2024-12-17T10:48:27.953Z"}
{"level":"info","message":"GET /api/docs/admin/ - 2024-12-17T10:48:37.148Z"}
{"level":"info","message":"GET /api/docs/admin/swagger-ui.css - 2024-12-17T10:48:37.701Z"}
{"level":"info","message":"GET /api/docs/admin/swagger-ui-standalone-preset.js - 2024-12-17T10:48:37.835Z"}
{"level":"info","message":"GET /api/docs/admin/swagger-ui-bundle.js - 2024-12-17T10:48:37.838Z"}
{"level":"info","message":"GET /api/docs/admin/swagger-ui-init.js - 2024-12-17T10:48:37.859Z"}
{"level":"info","message":"GET /api/docs/admin/favicon-32x32.png - 2024-12-17T10:48:42.422Z"}
{"level":"info","message":"GET /api/docs/admin/favicon-32x32.png - 2024-12-17T10:48:43.332Z"}
{"level":"info","message":"GET /api/docs/user/ - 2024-12-17T10:58:48.098Z"}
{"level":"info","message":"GET /api/docs/user/swagger-ui.css - 2024-12-17T10:58:48.646Z"}
{"level":"info","message":"GET /api/docs/user/swagger-ui-bundle.js - 2024-12-17T10:58:48.650Z"}
{"level":"info","message":"GET /api/docs/user/swagger-ui-init.js - 2024-12-17T10:58:48.782Z"}
{"level":"info","message":"GET /api/docs/user/swagger-ui-standalone-preset.js - 2024-12-17T10:58:48.798Z"}
{"level":"info","message":"GET /api/docs/user/favicon-32x32.png - 2024-12-17T10:58:49.403Z"}
{"level":"info","message":"GET /api/docs/user/swagger-ui-bundle.js - 2024-12-17T10:58:49.514Z"}
{"level":"info","message":"GET /api/docs/user/swagger-ui-init.js - 2024-12-17T10:58:49.516Z"}
{"level":"info","message":"GET /api/docs/user/swagger-ui-standalone-preset.js - 2024-12-17T10:58:49.549Z"}
{"level":"info","message":"GET /api/docs/user/favicon-32x32.png - 2024-12-17T10:58:50.870Z"}
{"level":"info","message":"GET /api/docs/admin - 2024-12-17T11:34:32.457Z"}
{"level":"info","message":"GET /api/docs/admin/ - 2024-12-17T11:34:32.486Z"}
{"level":"info","message":"GET /api/docs/admin/swagger-ui.css - 2024-12-17T11:34:32.550Z"}
{"level":"info","message":"GET /api/docs/admin/swagger-ui-bundle.js - 2024-12-17T11:34:32.555Z"}
{"level":"info","message":"GET /api/docs/admin/swagger-ui-standalone-preset.js - 2024-12-17T11:34:32.564Z"}
{"level":"info","message":"GET /api/docs/admin/swagger-ui-init.js - 2024-12-17T11:34:32.566Z"}
{"level":"info","message":"GET /api/docs/admin/favicon-32x32.png - 2024-12-17T11:34:32.918Z"}
{"level":"info","message":"GET / - 2024-12-17T11:34:33.746Z"}
{"level":"info","message":"GET /api/docs/user/ - 2024-12-17T11:34:42.732Z"}
{"level":"info","message":"GET /api/docs/user/swagger-ui.css - 2024-12-17T11:34:42.763Z"}
{"level":"info","message":"GET /api/docs/user/swagger-ui-bundle.js - 2024-12-17T11:34:42.765Z"}
{"level":"info","message":"GET /api/docs/user/swagger-ui-standalone-preset.js - 2024-12-17T11:34:42.771Z"}
{"level":"info","message":"GET /api/docs/user/swagger-ui-init.js - 2024-12-17T11:34:42.773Z"}
{"level":"info","message":"GET /api/docs/user/favicon-32x32.png - 2024-12-17T11:34:43.022Z"}
{"level":"info","message":"GET / - 2024-12-17T11:34:43.518Z"}
{"level":"info","message":"GET /api/docs/user/favicon-32x32.png - 2024-12-17T11:34:43.541Z"}
{"level":"info","message":"GET /api/docs/user/ - 2024-12-17T11:35:39.077Z"}
{"level":"info","message":"GET /api/docs/user/swagger-ui.css - 2024-12-17T11:35:39.126Z"}
{"level":"info","message":"GET /api/docs/user/swagger-ui-bundle.js - 2024-12-17T11:35:39.127Z"}
{"level":"info","message":"GET /api/docs/user/swagger-ui-standalone-preset.js - 2024-12-17T11:35:39.132Z"}
{"level":"info","message":"GET /api/docs/user/swagger-ui-init.js - 2024-12-17T11:35:39.135Z"}
{"level":"info","message":"GET /api/docs/user/favicon-32x32.png - 2024-12-17T11:35:39.249Z"}
{"level":"info","message":"GET /api/docs/user/favicon-32x32.png - 2024-12-17T11:35:39.633Z"}
{"level":"info","message":"GET /api/docs/user/ - 2024-12-17T11:35:42.561Z"}
{"level":"info","message":"GET /api/docs/user/swagger-ui.css - 2024-12-17T11:35:42.602Z"}
{"level":"info","message":"GET /api/docs/user/swagger-ui-bundle.js - 2024-12-17T11:35:42.604Z"}
{"level":"info","message":"GET /api/docs/user/swagger-ui-standalone-preset.js - 2024-12-17T11:35:42.606Z"}
{"level":"info","message":"GET /api/docs/user/swagger-ui-init.js - 2024-12-17T11:35:42.609Z"}
{"level":"info","message":"GET /api/docs/user/favicon-32x32.png - 2024-12-17T11:35:42.692Z"}
{"level":"info","message":"GET /api/docs/admin/ - 2024-12-17T11:35:52.243Z"}
{"level":"info","message":"GET /api/docs/admin/swagger-ui.css - 2024-12-17T11:35:52.290Z"}
{"level":"info","message":"GET /api/docs/admin/swagger-ui-bundle.js - 2024-12-17T11:35:52.291Z"}
{"level":"info","message":"GET /api/docs/admin/swagger-ui-standalone-preset.js - 2024-12-17T11:35:52.294Z"}
{"level":"info","message":"GET /api/docs/admin/swagger-ui-init.js - 2024-12-17T11:35:52.296Z"}
{"level":"info","message":"GET /api/docs/admin/favicon-32x32.png - 2024-12-17T11:35:52.511Z"}
{"level":"info","message":"GET /api/docs/admin/ - 2024-12-17T11:35:58.458Z"}
{"level":"info","message":"GET /api/docs/admin/swagger-ui.css - 2024-12-17T11:35:58.493Z"}
{"level":"info","message":"GET /api/docs/admin/swagger-ui-bundle.js - 2024-12-17T11:35:58.497Z"}
{"level":"info","message":"GET /api/docs/admin/swagger-ui-standalone-preset.js - 2024-12-17T11:35:58.501Z"}
{"level":"info","message":"GET /api/docs/admin/swagger-ui-init.js - 2024-12-17T11:35:58.501Z"}
{"level":"info","message":"GET /api/docs/admin/favicon-32x32.png - 2024-12-17T11:35:58.592Z"}
{"level":"info","message":"GET /api/docs/admin/favicon-32x32.png - 2024-12-17T11:35:59.081Z"}
{"level":"info","message":"GET /api/docs/admin/ - 2024-12-17T11:36:20.410Z"}
{"level":"info","message":"GET /api/docs/admin/swagger-ui.css - 2024-12-17T11:36:20.450Z"}
{"level":"info","message":"GET /api/docs/admin/swagger-ui-bundle.js - 2024-12-17T11:36:20.451Z"}
{"level":"info","message":"GET /api/docs/admin/swagger-ui-standalone-preset.js - 2024-12-17T11:36:20.454Z"}
{"level":"info","message":"GET /api/docs/admin/swagger-ui-init.js - 2024-12-17T11:36:20.455Z"}
{"level":"info","message":"GET /api/docs/admin/favicon-32x32.png - 2024-12-17T11:36:20.771Z"}
{"level":"info","message":"GET /api/docs/admin/ - 2024-12-17T11:36:28.614Z"}
{"level":"info","message":"GET /api/docs/admin/swagger-ui.css - 2024-12-17T11:36:28.641Z"}
{"level":"info","message":"GET /api/docs/admin/swagger-ui-bundle.js - 2024-12-17T11:36:28.642Z"}
{"level":"info","message":"GET /api/docs/admin/swagger-ui-standalone-preset.js - 2024-12-17T11:36:28.650Z"}
{"level":"info","message":"GET /api/docs/admin/swagger-ui-init.js - 2024-12-17T11:36:28.652Z"}
{"level":"info","message":"GET /api/docs/admin/favicon-32x32.png - 2024-12-17T11:36:28.761Z"}
{"level":"info","message":"GET /api/docs/admin/favicon-32x32.png - 2024-12-17T11:36:29.172Z"}
{"level":"info","message":"GET /api/docs/admin/ - 2024-12-17T11:39:08.472Z"}
{"level":"info","message":"GET /api/docs/admin/swagger-ui.css - 2024-12-17T11:39:08.523Z"}
{"level":"info","message":"GET /api/docs/admin/swagger-ui-bundle.js - 2024-12-17T11:39:08.525Z"}
{"level":"info","message":"GET /api/docs/admin/swagger-ui-standalone-preset.js - 2024-12-17T11:39:08.529Z"}
{"level":"info","message":"GET /api/docs/admin/swagger-ui-init.js - 2024-12-17T11:39:08.533Z"}
{"level":"info","message":"GET /api/docs/admin/favicon-32x32.png - 2024-12-17T11:39:08.653Z"}
{"level":"info","message":"GET /api/docs/admin/favicon-32x32.png - 2024-12-17T11:39:09.069Z"}
{"level":"info","message":"GET /api/docs/user/ - 2024-12-17T11:39:19.021Z"}
{"level":"info","message":"GET /api/docs/user/swagger-ui.css - 2024-12-17T11:39:19.068Z"}
{"level":"info","message":"GET /api/docs/user/swagger-ui-bundle.js - 2024-12-17T11:39:19.070Z"}
{"level":"info","message":"GET /api/docs/user/swagger-ui-standalone-preset.js - 2024-12-17T11:39:19.073Z"}
{"level":"info","message":"GET /api/docs/user/swagger-ui-init.js - 2024-12-17T11:39:19.074Z"}
{"level":"info","message":"GET /api/docs/user/favicon-32x32.png - 2024-12-17T11:39:19.301Z"}
{"level":"info","message":"GET /api/docs/admin/ - 2024-12-17T11:39:28.098Z"}
{"level":"info","message":"GET /api/docs/admin/swagger-ui.css - 2024-12-17T11:39:28.131Z"}
{"level":"info","message":"GET /api/docs/admin/swagger-ui-bundle.js - 2024-12-17T11:39:28.134Z"}
{"level":"info","message":"GET /api/docs/admin/swagger-ui-standalone-preset.js - 2024-12-17T11:39:28.135Z"}
{"level":"info","message":"GET /api/docs/admin/swagger-ui-init.js - 2024-12-17T11:39:28.139Z"}
{"level":"info","message":"GET /api/docs/admin/favicon-32x32.png - 2024-12-17T11:39:28.229Z"}
{"level":"info","message":"GET /api/docs/user/ - 2024-12-17T11:41:34.085Z"}
{"level":"info","message":"GET /api/docs/user/swagger-ui.css - 2024-12-17T11:41:34.133Z"}
{"level":"info","message":"GET /api/docs/user/swagger-ui-bundle.js - 2024-12-17T11:41:34.135Z"}
{"level":"info","message":"GET /api/docs/user/swagger-ui-standalone-preset.js - 2024-12-17T11:41:34.140Z"}
{"level":"info","message":"GET /api/docs/user/swagger-ui-init.js - 2024-12-17T11:41:34.143Z"}
{"level":"info","message":"GET /api/docs/user/favicon-32x32.png - 2024-12-17T11:41:34.250Z"}
{"level":"info","message":"GET /api/docs/user/favicon-32x32.png - 2024-12-17T11:41:34.667Z"}
{"level":"info","message":"GET /api/docs/admin/ - 2024-12-17T11:42:12.359Z"}
{"level":"info","message":"GET /api/docs/admin/swagger-ui.css - 2024-12-17T11:42:12.404Z"}
{"level":"info","message":"GET /api/docs/admin/swagger-ui-bundle.js - 2024-12-17T11:42:12.406Z"}
{"level":"info","message":"GET /api/docs/admin/swagger-ui-standalone-preset.js - 2024-12-17T11:42:12.411Z"}
{"level":"info","message":"GET /api/docs/admin/swagger-ui-init.js - 2024-12-17T11:42:12.413Z"}
{"level":"info","message":"GET /api/docs/admin/favicon-32x32.png - 2024-12-17T11:42:12.503Z"}
{"level":"info","message":"GET /api/docs/admin/favicon-32x32.png - 2024-12-17T11:42:12.878Z"}
{"level":"info","message":"GET /api/docs/user/ - 2024-12-17T11:42:25.584Z"}
{"level":"info","message":"GET /api/docs/user/swagger-ui.css - 2024-12-17T11:42:25.624Z"}
{"level":"info","message":"GET /api/docs/user/swagger-ui-bundle.js - 2024-12-17T11:42:25.626Z"}
{"level":"info","message":"GET /api/docs/user/swagger-ui-standalone-preset.js - 2024-12-17T11:42:25.629Z"}
{"level":"info","message":"GET /api/docs/user/swagger-ui-init.js - 2024-12-17T11:42:25.631Z"}
{"level":"info","message":"GET /api/docs/user/favicon-32x32.png - 2024-12-17T11:42:25.826Z"}
{"level":"info","message":"GET / - 2024-12-17T11:49:28.952Z"}
{"level":"info","message":"GET /api/docs/user - 2024-12-17T11:49:41.987Z"}
{"level":"info","message":"GET /api/docs/user/ - 2024-12-17T11:49:42.472Z"}
{"level":"info","message":"GET /api/docs/user/swagger-ui.css - 2024-12-17T11:49:42.896Z"}
{"level":"info","message":"GET /api/docs/user/swagger-ui-bundle.js - 2024-12-17T11:49:42.904Z"}
{"level":"info","message":"GET /api/docs/user/swagger-ui-standalone-preset.js - 2024-12-17T11:49:42.905Z"}
{"level":"info","message":"GET /api/docs/user/swagger-ui-init.js - 2024-12-17T11:49:42.919Z"}
{"level":"info","message":"GET /api/docs/user/swagger-ui-init.js - 2024-12-17T11:49:45.712Z"}
{"level":"info","message":"GET /api/docs/user/swagger-ui-standalone-preset.js - 2024-12-17T11:49:48.021Z"}
{"level":"info","message":"GET /api/docs/user/swagger-ui-bundle.js - 2024-12-17T11:49:53.525Z"}
{"level":"info","message":"GET /api/docs/user/favicon-32x32.png - 2024-12-17T11:49:53.628Z"}
{"level":"info","message":"GET /api/docs/user/favicon-32x32.png - 2024-12-17T11:49:55.065Z"}
{"level":"info","message":"GET /api/docs/user/ - 2024-12-17T11:52:25.586Z"}
{"level":"info","message":"GET /api/docs/user/swagger-ui.css - 2024-12-17T11:52:25.629Z"}
{"level":"info","message":"GET /api/docs/user/swagger-ui-bundle.js - 2024-12-17T11:52:25.631Z"}
{"level":"info","message":"GET /api/docs/user/swagger-ui-standalone-preset.js - 2024-12-17T11:52:25.634Z"}
{"level":"info","message":"GET /api/docs/user/swagger-ui-init.js - 2024-12-17T11:52:25.638Z"}
{"level":"info","message":"GET /api/docs/user/swagger-ui-bundle.js - 2024-12-17T11:52:25.673Z"}
{"level":"info","message":"GET /api/docs/user/swagger-ui-standalone-preset.js - 2024-12-17T11:52:25.677Z"}
{"level":"info","message":"GET /api/docs/user/swagger-ui-init.js - 2024-12-17T11:52:25.679Z"}
{"level":"info","message":"GET /api/docs/user/favicon-32x32.png - 2024-12-17T11:52:25.986Z"}
{"level":"info","message":"POST /api/user/signup - 2024-12-17T11:52:44.329Z"}
{"level":"info","message":"GET /api/docs/admin/ - 2024-12-17T11:54:16.503Z"}
{"level":"info","message":"GET /api/docs/admin/swagger-ui.css - 2024-12-17T11:54:16.550Z"}
{"level":"info","message":"GET /api/docs/admin/swagger-ui-bundle.js - 2024-12-17T11:54:16.552Z"}
{"level":"info","message":"GET /api/docs/admin/swagger-ui-standalone-preset.js - 2024-12-17T11:54:16.554Z"}
{"level":"info","message":"GET /api/docs/admin/swagger-ui-init.js - 2024-12-17T11:54:16.556Z"}
{"level":"info","message":"GET /api/docs/admin/swagger-ui-init.js - 2024-12-17T11:54:16.580Z"}
{"level":"info","message":"GET /api/docs/admin/swagger-ui-bundle.js - 2024-12-17T11:54:16.585Z"}
{"level":"info","message":"GET /api/docs/admin/swagger-ui-standalone-preset.js - 2024-12-17T11:54:16.588Z"}
{"level":"info","message":"GET /api/docs/admin/favicon-32x32.png - 2024-12-17T11:54:16.792Z"}
{"level":"info","message":"GET /api/admin/users - 2024-12-17T11:54:27.038Z"}
{"level":"info","message":"GET /api/admin/users - 2024-12-17T11:54:29.255Z"}
{"level":"info","message":"POST /api/admin/login - 2024-12-17T11:54:42.289Z"}
{"level":"info","message":"GET /api/docs/user/ - 2024-12-17T11:55:52.948Z"}
{"level":"info","message":"GET /api/docs/user/swagger-ui.css - 2024-12-17T11:55:53.028Z"}
{"level":"info","message":"GET /api/docs/user/swagger-ui-bundle.js - 2024-12-17T11:55:53.037Z"}
{"level":"info","message":"GET /api/docs/user/swagger-ui-standalone-preset.js - 2024-12-17T11:55:53.040Z"}
{"level":"info","message":"GET /api/docs/user/swagger-ui-init.js - 2024-12-17T11:55:53.042Z"}
{"level":"info","message":"GET /api/docs/user/favicon-32x32.png - 2024-12-17T11:55:53.368Z"}
{"level":"info","message":"GET / - 2024-12-17T11:56:21.526Z"}
{"level":"info","message":"GET /api/docs - 2024-12-17T11:56:30.860Z"}
{"level":"info","message":"GET /api/docs/user - 2024-12-17T11:56:35.293Z"}
{"level":"info","message":"GET /api/docs/user/ - 2024-12-17T11:56:35.756Z"}
{"level":"info","message":"GET /api/docs/user/swagger-ui.css - 2024-12-17T11:56:36.067Z"}
{"level":"info","message":"GET /api/docs/user/swagger-ui-bundle.js - 2024-12-17T11:56:36.069Z"}
{"level":"info","message":"GET /api/docs/user/swagger-ui-standalone-preset.js - 2024-12-17T11:56:36.082Z"}
{"level":"info","message":"GET /api/docs/user/swagger-ui-init.js - 2024-12-17T11:56:36.083Z"}
{"level":"info","message":"GET /api/docs/user/swagger-ui-init.js - 2024-12-17T11:56:38.053Z"}
{"level":"info","message":"GET /api/docs/user/swagger-ui-standalone-preset.js - 2024-12-17T11:56:38.056Z"}
{"level":"info","message":"GET /api/docs/user/swagger-ui-bundle.js - 2024-12-17T11:56:38.699Z"}
{"level":"info","message":"GET /api/docs/user/favicon-32x32.png - 2024-12-17T11:56:38.745Z"}
{"level":"info","message":"GET /api/docs/user/favicon-32x32.png - 2024-12-17T11:56:39.411Z"}
{"level":"info","message":"OPTIONS /api/user/login - 2024-12-17T11:57:13.912Z"}
{"level":"info","message":"OPTIONS /api/user/login - 2024-12-17T11:57:21.466Z"}
{"level":"info","message":"OPTIONS /api/user/login - 2024-12-17T11:57:32.068Z"}
{"level":"info","message":"OPTIONS /api/user/login - 2024-12-17T11:57:32.941Z"}
{"level":"info","message":"OPTIONS /api/user/login - 2024-12-17T11:57:33.786Z"}
{"level":"info","message":"OPTIONS /api/user/login - 2024-12-17T11:57:34.811Z"}
{"level":"info","message":"OPTIONS /api/user/login - 2024-12-17T11:57:37.048Z"}
{"level":"info","message":"OPTIONS /api/user/login - 2024-12-17T11:57:37.847Z"}
{"level":"info","message":"OPTIONS /api/user/login - 2024-12-17T11:57:38.934Z"}
{"level":"info","message":"GET /api/docs/user/ - 2024-12-17T11:58:04.017Z"}
{"level":"info","message":"GET /api/docs/user/swagger-ui.css - 2024-12-17T11:58:04.051Z"}
{"level":"info","message":"GET /api/docs/user/swagger-ui-bundle.js - 2024-12-17T11:58:04.052Z"}
{"level":"info","message":"GET /api/docs/user/swagger-ui-standalone-preset.js - 2024-12-17T11:58:04.054Z"}
{"level":"info","message":"GET /api/docs/user/swagger-ui-init.js - 2024-12-17T11:58:04.057Z"}
{"level":"info","message":"GET /api/docs/user/swagger-ui-standalone-preset.js - 2024-12-17T11:58:04.067Z"}
{"level":"info","message":"GET /api/docs/user/swagger-ui-init.js - 2024-12-17T11:58:04.070Z"}
{"level":"info","message":"GET /api/docs/user/swagger-ui-bundle.js - 2024-12-17T11:58:04.071Z"}
{"level":"info","message":"GET /api/docs/user/favicon-32x32.png - 2024-12-17T11:58:04.309Z"}
{"level":"info","message":"GET /api/docs/user/favicon-32x32.png - 2024-12-17T11:58:04.874Z"}
{"level":"info","message":"POST /api/user/login - 2024-12-17T11:58:14.032Z"}
{"level":"info","message":"OPTIONS /api/user/login - 2024-12-17T11:58:35.422Z"}
{"level":"info","message":"OPTIONS /api/user/signup - 2024-12-17T11:58:50.455Z"}
{"level":"info","message":"OPTIONS /api/user/signup - 2024-12-17T11:58:54.476Z"}
{"level":"info","message":"OPTIONS /api/user/signup - 2024-12-17T11:58:56.411Z"}
{"level":"info","message":"GET /api/docs/user/ - 2024-12-17T11:58:57.655Z"}
{"level":"info","message":"GET /api/docs/user/swagger-ui.css - 2024-12-17T11:58:58.135Z"}
{"level":"info","message":"GET /api/docs/user/swagger-ui-bundle.js - 2024-12-17T11:58:58.140Z"}
{"level":"info","message":"GET /api/docs/user/swagger-ui-standalone-preset.js - 2024-12-17T11:58:58.142Z"}
{"level":"info","message":"GET /api/docs/user/swagger-ui-init.js - 2024-12-17T11:58:58.271Z"}
{"level":"info","message":"GET /api/docs/user/swagger-ui-bundle.js - 2024-12-17T11:58:58.548Z"}
{"level":"info","message":"GET /api/docs/user/swagger-ui-standalone-preset.js - 2024-12-17T11:58:58.549Z"}
{"level":"info","message":"GET /api/docs/user/swagger-ui-init.js - 2024-12-17T11:58:58.605Z"}
{"level":"info","message":"GET /api/docs/user/favicon-32x32.png - 2024-12-17T11:58:58.657Z"}
{"level":"info","message":"GET /api/docs/user/favicon-32x32.png - 2024-12-17T11:58:59.412Z"}
{"level":"info","message":"OPTIONS /api/user/signup - 2024-12-17T11:59:06.133Z"}
{"level":"info","message":"OPTIONS /api/user/signup - 2024-12-17T11:59:08.248Z"}
